<?xml version="1.0" encoding="UTF-8"?>
<!-- Generated by org.testng.reporters.JUnitXMLReporter -->
<testsuite ignored="0" hostname="DESKTOP-I85STP7" failures="2" tests="2" name="Test" time="50.966" errors="0" timestamp="2023-04-13T00:41:00 ICT">
  <testcase classname="testcases.TC01_LoginFirstAccount" name="TC01" time="11.362">
    <failure type="java.lang.AssertionError" message="null">
      <![CDATA[java.lang.AssertionError: null
at pages.LoginPage.clickSignout(LoginPage.java:70)
at testcases.TC01_LoginFirstAccount.TC01(TC01_LoginFirstAccount.java:26)
at java.base/java.util.ArrayList.forEach(ArrayList.java:1511)
... Removed 29 stack frames]]>
    </failure>
  </testcase> <!-- TC01 -->
  <testcase classname="testcases.TC02_Login_second_account" name="TC02" time="25.887">
    <failure type="java.lang.AssertionError" message="null">
      <![CDATA[java.lang.AssertionError: null
at pages.LoginPage.clickSignin(LoginPage.java:46)
at testcases.TC02_Login_second_account.TC02(TC02_Login_second_account.java:22)
at java.base/java.util.ArrayList.forEach(ArrayList.java:1511)
... Removed 29 stack frames]]>
    </failure>
  </testcase> <!-- TC02 -->
</testsuite> <!-- Test -->
